mode: count
github.com/alekslesik/snippetbox.learn/cmd/web/templates.go:23.36,24.16 1 5
github.com/alekslesik/snippetbox.learn/cmd/web/templates.go:29.2,29.47 1 4
github.com/alekslesik/snippetbox.learn/cmd/web/templates.go:24.16,26.3 1 1
github.com/alekslesik/snippetbox.learn/cmd/web/templates.go:39.74,45.16 3 3
github.com/alekslesik/snippetbox.learn/cmd/web/templates.go:49.2,49.29 1 3
github.com/alekslesik/snippetbox.learn/cmd/web/templates.go:77.2,77.19 1 3
github.com/alekslesik/snippetbox.learn/cmd/web/templates.go:45.16,47.3 1 0
github.com/alekslesik/snippetbox.learn/cmd/web/templates.go:49.29,57.17 3 15
github.com/alekslesik/snippetbox.learn/cmd/web/templates.go:62.3,63.17 2 15
github.com/alekslesik/snippetbox.learn/cmd/web/templates.go:67.3,68.17 2 15
github.com/alekslesik/snippetbox.learn/cmd/web/templates.go:74.3,74.19 1 15
github.com/alekslesik/snippetbox.learn/cmd/web/templates.go:57.17,59.4 1 0
github.com/alekslesik/snippetbox.learn/cmd/web/templates.go:63.17,65.4 1 0
github.com/alekslesik/snippetbox.learn/cmd/web/templates.go:68.17,70.4 1 0
github.com/alekslesik/snippetbox.learn/cmd/web/handlers.go:15.51,17.2 1 1
github.com/alekslesik/snippetbox.learn/cmd/web/handlers.go:20.70,22.16 2 0
github.com/alekslesik/snippetbox.learn/cmd/web/handlers.go:27.2,29.4 1 0
github.com/alekslesik/snippetbox.learn/cmd/web/handlers.go:22.16,25.3 2 0
github.com/alekslesik/snippetbox.learn/cmd/web/handlers.go:33.83,38.2 1 0
github.com/alekslesik/snippetbox.learn/cmd/web/handlers.go:41.79,44.16 2 0
github.com/alekslesik/snippetbox.learn/cmd/web/handlers.go:50.2,58.19 5 0
github.com/alekslesik/snippetbox.learn/cmd/web/handlers.go:65.2,66.16 2 0
github.com/alekslesik/snippetbox.learn/cmd/web/handlers.go:72.2,75.74 2 0
github.com/alekslesik/snippetbox.learn/cmd/web/handlers.go:44.16,47.3 2 0
github.com/alekslesik/snippetbox.learn/cmd/web/handlers.go:58.19,63.3 2 0
github.com/alekslesik/snippetbox.learn/cmd/web/handlers.go:66.16,69.3 2 0
github.com/alekslesik/snippetbox.learn/cmd/web/handlers.go:79.77,81.26 2 5
github.com/alekslesik/snippetbox.learn/cmd/web/handlers.go:86.2,87.16 2 2
github.com/alekslesik/snippetbox.learn/cmd/web/handlers.go:96.2,98.4 1 1
github.com/alekslesik/snippetbox.learn/cmd/web/handlers.go:81.26,84.3 2 3
github.com/alekslesik/snippetbox.learn/cmd/web/handlers.go:87.16,88.41 1 1
github.com/alekslesik/snippetbox.learn/cmd/web/handlers.go:93.3,93.9 1 1
github.com/alekslesik/snippetbox.learn/cmd/web/handlers.go:88.41,90.4 1 1
github.com/alekslesik/snippetbox.learn/cmd/web/handlers.go:90.9,92.4 1 0
github.com/alekslesik/snippetbox.learn/cmd/web/handlers.go:102.80,106.2 1 1
github.com/alekslesik/snippetbox.learn/cmd/web/handlers.go:109.76,112.16 2 0
github.com/alekslesik/snippetbox.learn/cmd/web/handlers.go:118.2,124.19 5 0
github.com/alekslesik/snippetbox.learn/cmd/web/handlers.go:133.2,134.37 2 0
github.com/alekslesik/snippetbox.learn/cmd/web/handlers.go:147.2,150.57 2 0
github.com/alekslesik/snippetbox.learn/cmd/web/handlers.go:112.16,115.3 2 0
github.com/alekslesik/snippetbox.learn/cmd/web/handlers.go:124.19,129.3 2 0
github.com/alekslesik/snippetbox.learn/cmd/web/handlers.go:134.37,140.3 3 0
github.com/alekslesik/snippetbox.learn/cmd/web/handlers.go:140.8,140.23 1 0
github.com/alekslesik/snippetbox.learn/cmd/web/handlers.go:140.23,143.3 2 0
github.com/alekslesik/snippetbox.learn/cmd/web/handlers.go:154.79,158.2 1 0
github.com/alekslesik/snippetbox.learn/cmd/web/handlers.go:161.75,163.16 2 0
github.com/alekslesik/snippetbox.learn/cmd/web/handlers.go:170.2,172.41 3 0
github.com/alekslesik/snippetbox.learn/cmd/web/handlers.go:182.2,185.61 2 0
github.com/alekslesik/snippetbox.learn/cmd/web/handlers.go:163.16,166.3 2 0
github.com/alekslesik/snippetbox.learn/cmd/web/handlers.go:172.41,176.3 3 0
github.com/alekslesik/snippetbox.learn/cmd/web/handlers.go:176.8,176.23 1 0
github.com/alekslesik/snippetbox.learn/cmd/web/handlers.go:176.23,179.3 2 0
github.com/alekslesik/snippetbox.learn/cmd/web/handlers.go:189.76,197.2 3 0
github.com/alekslesik/snippetbox.learn/cmd/web/helpers.go:16.71,21.2 3 0
github.com/alekslesik/snippetbox.learn/cmd/web/helpers.go:26.72,28.2 1 4
github.com/alekslesik/snippetbox.learn/cmd/web/helpers.go:32.57,34.2 1 4
github.com/alekslesik/snippetbox.learn/cmd/web/helpers.go:36.103,39.9 2 2
github.com/alekslesik/snippetbox.learn/cmd/web/helpers.go:45.2,49.16 3 2
github.com/alekslesik/snippetbox.learn/cmd/web/helpers.go:55.2,55.16 1 2
github.com/alekslesik/snippetbox.learn/cmd/web/helpers.go:39.9,42.3 2 0
github.com/alekslesik/snippetbox.learn/cmd/web/helpers.go:49.16,52.3 2 0
github.com/alekslesik/snippetbox.learn/cmd/web/helpers.go:62.89,63.15 1 2
github.com/alekslesik/snippetbox.learn/cmd/web/helpers.go:68.2,76.11 5 2
github.com/alekslesik/snippetbox.learn/cmd/web/helpers.go:63.15,65.3 1 0
github.com/alekslesik/snippetbox.learn/cmd/web/helpers.go:80.73,82.9 2 2
github.com/alekslesik/snippetbox.learn/cmd/web/helpers.go:85.2,85.13 1 0
github.com/alekslesik/snippetbox.learn/cmd/web/helpers.go:82.9,84.3 1 2
github.com/alekslesik/snippetbox.learn/cmd/web/main.go:42.13,54.9 8 0
github.com/alekslesik/snippetbox.learn/cmd/web/main.go:59.2,60.16 2 0
github.com/alekslesik/snippetbox.learn/cmd/web/main.go:63.2,67.16 3 0
github.com/alekslesik/snippetbox.learn/cmd/web/main.go:72.2,114.21 10 0
github.com/alekslesik/snippetbox.learn/cmd/web/main.go:54.9,56.3 1 0
github.com/alekslesik/snippetbox.learn/cmd/web/main.go:60.16,62.3 1 0
github.com/alekslesik/snippetbox.learn/cmd/web/main.go:67.16,69.3 1 0
github.com/alekslesik/snippetbox.learn/cmd/web/main.go:117.42,119.16 2 0
github.com/alekslesik/snippetbox.learn/cmd/web/main.go:122.2,122.33 1 0
github.com/alekslesik/snippetbox.learn/cmd/web/main.go:125.2,125.16 1 0
github.com/alekslesik/snippetbox.learn/cmd/web/main.go:119.16,121.3 1 0
github.com/alekslesik/snippetbox.learn/cmd/web/main.go:122.33,124.3 1 0
github.com/alekslesik/snippetbox.learn/cmd/web/middleware.go:12.52,13.71 1 4
github.com/alekslesik/snippetbox.learn/cmd/web/middleware.go:13.71,18.3 3 10
github.com/alekslesik/snippetbox.learn/cmd/web/middleware.go:23.45,32.2 3 27
github.com/alekslesik/snippetbox.learn/cmd/web/middleware.go:34.68,35.71 1 3
github.com/alekslesik/snippetbox.learn/cmd/web/middleware.go:35.71,39.3 2 9
github.com/alekslesik/snippetbox.learn/cmd/web/middleware.go:42.70,43.71 1 3
github.com/alekslesik/snippetbox.learn/cmd/web/middleware.go:43.71,44.16 1 9
github.com/alekslesik/snippetbox.learn/cmd/web/middleware.go:53.3,53.23 1 9
github.com/alekslesik/snippetbox.learn/cmd/web/middleware.go:44.16,45.36 1 9
github.com/alekslesik/snippetbox.learn/cmd/web/middleware.go:45.36,50.5 2 0
github.com/alekslesik/snippetbox.learn/cmd/web/middleware.go:60.82,61.71 1 9
github.com/alekslesik/snippetbox.learn/cmd/web/middleware.go:61.71,62.38 1 0
github.com/alekslesik/snippetbox.learn/cmd/web/middleware.go:69.3,69.23 1 0
github.com/alekslesik/snippetbox.learn/cmd/web/middleware.go:62.38,66.4 3 0
github.com/alekslesik/snippetbox.learn/cmd/web/middleware.go:73.70,74.71 1 27
github.com/alekslesik/snippetbox.learn/cmd/web/middleware.go:74.71,78.13 2 6
github.com/alekslesik/snippetbox.learn/cmd/web/middleware.go:86.3,87.32 2 0
github.com/alekslesik/snippetbox.learn/cmd/web/middleware.go:100.3,101.40 2 0
github.com/alekslesik/snippetbox.learn/cmd/web/middleware.go:78.13,81.4 2 6
github.com/alekslesik/snippetbox.learn/cmd/web/middleware.go:87.32,91.4 3 0
github.com/alekslesik/snippetbox.learn/cmd/web/middleware.go:91.9,91.24 1 0
github.com/alekslesik/snippetbox.learn/cmd/web/middleware.go:91.24,94.4 2 0
github.com/alekslesik/snippetbox.learn/cmd/web/routes.go:10.47,39.2 16 3
github.com/alekslesik/snippetbox.learn/pkg/models/mysql/snippets.go:15.76,22.16 3 0
github.com/alekslesik/snippetbox.learn/pkg/models/mysql/snippets.go:27.2,28.16 2 0
github.com/alekslesik/snippetbox.learn/pkg/models/mysql/snippets.go:32.2,32.21 1 0
github.com/alekslesik/snippetbox.learn/pkg/models/mysql/snippets.go:22.16,24.3 1 0
github.com/alekslesik/snippetbox.learn/pkg/models/mysql/snippets.go:28.16,30.3 1 0
github.com/alekslesik/snippetbox.learn/pkg/models/mysql/snippets.go:36.61,49.16 5 0
github.com/alekslesik/snippetbox.learn/pkg/models/mysql/snippets.go:58.2,58.15 1 0
github.com/alekslesik/snippetbox.learn/pkg/models/mysql/snippets.go:49.16,50.36 1 0
github.com/alekslesik/snippetbox.learn/pkg/models/mysql/snippets.go:50.36,52.4 1 0
github.com/alekslesik/snippetbox.learn/pkg/models/mysql/snippets.go:52.9,54.4 1 0
github.com/alekslesik/snippetbox.learn/pkg/models/mysql/snippets.go:62.60,69.16 3 0
github.com/alekslesik/snippetbox.learn/pkg/models/mysql/snippets.go:73.2,78.18 3 0
github.com/alekslesik/snippetbox.learn/pkg/models/mysql/snippets.go:90.2,90.34 1 0
github.com/alekslesik/snippetbox.learn/pkg/models/mysql/snippets.go:95.2,95.22 1 0
github.com/alekslesik/snippetbox.learn/pkg/models/mysql/snippets.go:69.16,71.3 1 0
github.com/alekslesik/snippetbox.learn/pkg/models/mysql/snippets.go:78.18,82.17 3 0
github.com/alekslesik/snippetbox.learn/pkg/models/mysql/snippets.go:86.3,86.33 1 0
github.com/alekslesik/snippetbox.learn/pkg/models/mysql/snippets.go:82.17,84.4 1 0
github.com/alekslesik/snippetbox.learn/pkg/models/mysql/snippets.go:90.34,92.3 1 0
github.com/alekslesik/snippetbox.learn/pkg/models/mysql/users.go:17.64,20.16 2 0
github.com/alekslesik/snippetbox.learn/pkg/models/mysql/users.go:25.2,36.16 3 0
github.com/alekslesik/snippetbox.learn/pkg/models/mysql/users.go:47.2,47.12 1 0
github.com/alekslesik/snippetbox.learn/pkg/models/mysql/users.go:20.16,22.3 1 0
github.com/alekslesik/snippetbox.learn/pkg/models/mysql/users.go:36.16,37.50 1 0
github.com/alekslesik/snippetbox.learn/pkg/models/mysql/users.go:37.50,41.88 1 0
github.com/alekslesik/snippetbox.learn/pkg/models/mysql/users.go:41.88,43.5 1 0
github.com/alekslesik/snippetbox.learn/pkg/models/mysql/users.go:52.71,60.26 5 0
github.com/alekslesik/snippetbox.learn/pkg/models/mysql/users.go:68.2,69.48 2 0
github.com/alekslesik/snippetbox.learn/pkg/models/mysql/users.go:75.2,75.16 1 0
github.com/alekslesik/snippetbox.learn/pkg/models/mysql/users.go:60.26,62.3 1 0
github.com/alekslesik/snippetbox.learn/pkg/models/mysql/users.go:62.8,62.23 1 0
github.com/alekslesik/snippetbox.learn/pkg/models/mysql/users.go:62.23,64.3 1 0
github.com/alekslesik/snippetbox.learn/pkg/models/mysql/users.go:69.48,71.3 1 0
github.com/alekslesik/snippetbox.learn/pkg/models/mysql/users.go:71.8,71.23 1 0
github.com/alekslesik/snippetbox.learn/pkg/models/mysql/users.go:71.23,73.3 1 0
github.com/alekslesik/snippetbox.learn/pkg/models/mysql/users.go:79.55,84.26 4 3
github.com/alekslesik/snippetbox.learn/pkg/models/mysql/users.go:90.2,90.15 1 1
github.com/alekslesik/snippetbox.learn/pkg/models/mysql/users.go:84.26,86.3 1 2
github.com/alekslesik/snippetbox.learn/pkg/models/mysql/users.go:86.8,86.23 1 1
github.com/alekslesik/snippetbox.learn/pkg/models/mysql/users.go:86.23,88.3 1 0
